<?xml version="1.0" encoding="UTF-8"?>
<testsuite xmlns:xsi="http://www.w3.org/2001/XMLSchema-instance" xsi:noNamespaceSchemaLocation="https://maven.apache.org/surefire/maven-surefire-plugin/xsd/surefire-test-report-3.0.xsd" version="3.0" name="com.koreait.store.CookieRunStoreApplicationTests" time="3.429" tests="1" errors="0" skipped="0" failures="0">
  <properties>
[...]
</properties>
  <testcase name="contextLoads" classname="com.koreait.store.CookieRunStoreApplicationTests" time="0.915">
    <system-out><![CDATA[21:13:50.393 [main] INFO org.springframework.test.context.support.AnnotationConfigContextLoaderUtils -- Could not detect default configuration classes for test class [com.koreait.store.CookieRunStoreApplicationTests]: CookieRunStoreApplicationTests does not declare any static, non-private, non-final, nested classes annotated with @Configuration.
21:13:50.529 [main] INFO org.springframework.boot.test.context.SpringBootTestContextBootstrapper -- Found @SpringBootConfiguration com.koreait.store.CookieRunStoreApplication for test class com.koreait.store.CookieRunStoreApplicationTests
21:13:50.707 [main] INFO org.springframework.boot.devtools.restart.RestartApplicationListener -- Restart disabled due to context in which it is running

  .   ____          _            __ _ _
 /\\ / ___'_ __ _ _(_)_ __  __ _ \ \ \ \
( ( )\___ | '_ | '_| | '_ \/ _` | \ \ \ \
 \\/  ___)| |_)| | | | | || (_| |  ) ) ) )
  '  |____| .__|_| |_|_| |_\__, | / / / /
 =========|_|==============|___/=/_/_/_/

 :: Spring Boot ::                (v3.3.5)

2024-11-14T21:13:50.984+09:00  INFO 14192 --- [Cookie Run Store] [           main] c.k.s.CookieRunStoreApplicationTests     : Starting CookieRunStoreApplicationTests using Java 21.0.5 with PID 14192 (started by Administrator in C:\Users\Administrator\Desktop\KSW_WEB\Cookie Run Store)
2024-11-14T21:13:50.985+09:00  INFO 14192 --- [Cookie Run Store] [           main] c.k.s.CookieRunStoreApplicationTests     : No active profile set, falling back to 1 default profile: "default"
2024-11-14T21:13:52.692+09:00  INFO 14192 --- [Cookie Run Store] [           main] c.k.s.CookieRunStoreApplicationTests     : Started CookieRunStoreApplicationTests in 1.999 seconds (process running for 3.141)
]]></system-out>
    <system-err><![CDATA[WARNING: A Java agent has been loaded dynamically (C:\Users\Administrator\.m2\repository\net\bytebuddy\byte-buddy-agent\1.14.19\byte-buddy-agent-1.14.19.jar)
WARNING: If a serviceability tool is in use, please run with -XX:+EnableDynamicAgentLoading to hide this warning
WARNING: If a serviceability tool is not in use, please run with -Djdk.instrument.traceUsage for more information
WARNING: Dynamic loading of agents will be disallowed by default in a future release
]]></system-err>
  </testcase>
</testsuite>